# JRE version: Java(TM) SE Runtime Environment (8.0_221-b11) (build 1.8.0_221-b11)
# Java VM: Java HotSpot(TM) 64-Bit Server VM (25.221-b11 mixed mode windows-amd64 compressed oops)
Heap:
 PSYoungGen      total 117248K, used 93522K [0x00000000d5f00000, 0x00000000e4c00000, 0x0000000100000000)
  eden space 94208K, 99% used [0x00000000d5f00000,0x00000000dba54850,0x00000000dbb00000)
  from space 23040K, 0% used [0x00000000dbe00000,0x00000000dbe00000,0x00000000dd480000)
  to   space 74240K, 0% used [0x00000000e0380000,0x00000000e0380000,0x00000000e4c00000)
 ParOldGen       total 1379328K, used 1377388K [0x0000000081c00000, 0x00000000d5f00000, 0x00000000d5f00000)
  object space 1379328K, 99% used [0x0000000081c00000,0x00000000d5d1b3e0,0x00000000d5f00000)
 Metaspace       used 11566K, capacity 11786K, committed 11904K, reserved 1060864K
  class space    used 1290K, capacity 1357K, committed 1408K, reserved 1048576K
GC Heap History (10 events):
Event: 4536.604 GC heap before
{Heap before GC invocations=127 (full 76):
 PSYoungGen      total 117248K, used 94208K [0x00000000d5f00000, 0x00000000e4c00000, 0x0000000100000000)
  eden space 94208K, 100% used [0x00000000d5f00000,0x00000000dbb00000,0x00000000dbb00000)
  from space 23040K, 0% used [0x00000000dbe00000,0x00000000dbe00000,0x00000000dd480000)
  to   space 74240K, 0% used [0x00000000e0380000,0x00000000e0380000,0x00000000e4c00000)
 ParOldGen       total 1379328K, used 1377388K [0x0000000081c00000, 0x00000000d5f00000, 0x00000000d5f00000)
  object space 1379328K, 99% used [0x0000000081c00000,0x00000000d5d1b3e0,0x00000000d5f00000)
 Metaspace       used 11548K, capacity 11706K, committed 11904K, reserved 1060864K
  class space    used 1285K, capacity 1351K, committed 1408K, reserved 1048576K
Event: 4536.617 GC heap after
Heap after GC invocations=127 (full 76):
 PSYoungGen      total 117248K, used 90154K [0x00000000d5f00000, 0x00000000e4c00000, 0x0000000100000000)
  eden space 94208K, 95% used [0x00000000d5f00000,0x00000000db70a8d8,0x00000000dbb00000)
  from space 23040K, 0% used [0x00000000dbe00000,0x00000000dbe00000,0x00000000dd480000)
  to   space 74240K, 0% used [0x00000000e0380000,0x00000000e0380000,0x00000000e4c00000)
 ParOldGen       total 1379328K, used 1377388K [0x0000000081c00000, 0x00000000d5f00000, 0x00000000d5f00000)
  object space 1379328K, 99% used [0x0000000081c00000,0x00000000d5d1b3e0,0x00000000d5f00000)
 Metaspace       used 11548K, capacity 11706K, committed 11904K, reserved 1060864K
  class space    used 1285K, capacity 1351K, committed 1408K, reserved 1048576K
}
Event: 4536.627 GC heap before
{Heap before GC invocations=128 (full 77):
 PSYoungGen      total 117248K, used 94208K [0x00000000d5f00000, 0x00000000e4c00000, 0x0000000100000000)
  eden space 94208K, 100% used [0x00000000d5f00000,0x00000000dbb00000,0x00000000dbb00000)
  from space 23040K, 0% used [0x00000000dbe00000,0x00000000dbe00000,0x00000000dd480000)
  to   space 74240K, 0% used [0x00000000e0380000,0x00000000e0380000,0x00000000e4c00000)
 ParOldGen       total 1379328K, used 1377388K [0x0000000081c00000, 0x00000000d5f00000, 0x00000000d5f00000)
  object space 1379328K, 99% used [0x0000000081c00000,0x00000000d5d1b3e0,0x00000000d5f00000)
 Metaspace       used 11548K, capacity 11706K, committed 11904K, reserved 1060864K
  class space    used 1285K, capacity 1351K, committed 1408K, reserved 1048576K
Event: 4536.640 GC heap after
Heap after GC invocations=128 (full 77):
 PSYoungGen      total 117248K, used 90154K [0x00000000d5f00000, 0x00000000e4c00000, 0x0000000100000000)
  eden space 94208K, 95% used [0x00000000d5f00000,0x00000000db70a8d8,0x00000000dbb00000)
  from space 23040K, 0% used [0x00000000dbe00000,0x00000000dbe00000,0x00000000dd480000)
  to   space 74240K, 0% used [0x00000000e0380000,0x00000000e0380000,0x00000000e4c00000)
 ParOldGen       total 1379328K, used 1377388K [0x0000000081c00000, 0x00000000d5f00000, 0x00000000d5f00000)
  object space 1379328K, 99% used [0x0000000081c00000,0x00000000d5d1b3e0,0x00000000d5f00000)
 Metaspace       used 11548K, capacity 11706K, committed 11904K, reserved 1060864K
  class space    used 1285K, capacity 1351K, committed 1408K, reserved 1048576K
}
Event: 4536.650 GC heap before
{Heap before GC invocations=129 (full 78):
 PSYoungGen      total 117248K, used 94208K [0x00000000d5f00000, 0x00000000e4c00000, 0x0000000100000000)
  eden space 94208K, 100% used [0x00000000d5f00000,0x00000000dbb00000,0x00000000dbb00000)
  from space 23040K, 0% used [0x00000000dbe00000,0x00000000dbe00000,0x00000000dd480000)
  to   space 74240K, 0% used [0x00000000e0380000,0x00000000e0380000,0x00000000e4c00000)
 ParOldGen       total 1379328K, used 1377388K [0x0000000081c00000, 0x00000000d5f00000, 0x00000000d5f00000)
  object space 1379328K, 99% used [0x0000000081c00000,0x00000000d5d1b3e0,0x00000000d5f00000)
 Metaspace       used 11548K, capacity 11706K, committed 11904K, reserved 1060864K
  class space    used 1285K, capacity 1351K, committed 1408K, reserved 1048576K
Event: 4536.663 GC heap after
Heap after GC invocations=129 (full 78):
 PSYoungGen      total 117248K, used 90154K [0x00000000d5f00000, 0x00000000e4c00000, 0x0000000100000000)
  eden space 94208K, 95% used [0x00000000d5f00000,0x00000000db70a8d8,0x00000000dbb00000)
  from space 23040K, 0% used [0x00000000dbe00000,0x00000000dbe00000,0x00000000dd480000)
  to   space 74240K, 0% used [0x00000000e0380000,0x00000000e0380000,0x00000000e4c00000)
 ParOldGen       total 1379328K, used 1377388K [0x0000000081c00000, 0x00000000d5f00000, 0x00000000d5f00000)
  object space 1379328K, 99% used [0x0000000081c00000,0x00000000d5d1b3e0,0x00000000d5f00000)
 Metaspace       used 11548K, capacity 11706K, committed 11904K, reserved 1060864K
  class space    used 1285K, capacity 1351K, committed 1408K, reserved 1048576K
}
Event: 4536.672 GC heap before
{Heap before GC invocations=130 (full 79):
 PSYoungGen      total 117248K, used 94208K [0x00000000d5f00000, 0x00000000e4c00000, 0x0000000100000000)
  eden space 94208K, 100% used [0x00000000d5f00000,0x00000000dbb00000,0x00000000dbb00000)
  from space 23040K, 0% used [0x00000000dbe00000,0x00000000dbe00000,0x00000000dd480000)
  to   space 74240K, 0% used [0x00000000e0380000,0x00000000e0380000,0x00000000e4c00000)
 ParOldGen       total 1379328K, used 1377388K [0x0000000081c00000, 0x00000000d5f00000, 0x00000000d5f00000)
  object space 1379328K, 99% used [0x0000000081c00000,0x00000000d5d1b3e0,0x00000000d5f00000)
 Metaspace       used 11548K, capacity 11706K, committed 11904K, reserved 1060864K
  class space    used 1285K, capacity 1351K, committed 1408K, reserved 1048576K
Event: 4536.687 GC heap after
Heap after GC invocations=130 (full 79):
 PSYoungGen      total 117248K, used 90154K [0x00000000d5f00000, 0x00000000e4c00000, 0x0000000100000000)
  eden space 94208K, 95% used [0x00000000d5f00000,0x00000000db70a8d8,0x00000000dbb00000)
  from space 23040K, 0% used [0x00000000dbe00000,0x00000000dbe00000,0x00000000dd480000)
  to   space 74240K, 0% used [0x00000000e0380000,0x00000000e0380000,0x00000000e4c00000)
 ParOldGen       total 1379328K, used 1377388K [0x0000000081c00000, 0x00000000d5f00000, 0x00000000d5f00000)
  object space 1379328K, 99% used [0x0000000081c00000,0x00000000d5d1b3e0,0x00000000d5f00000)
 Metaspace       used 11548K, capacity 11706K, committed 11904K, reserved 1060864K
  class space    used 1285K, capacity 1351K, committed 1408K, reserved 1048576K
}
Event: 4536.696 GC heap before
{Heap before GC invocations=131 (full 80):
 PSYoungGen      total 117248K, used 94208K [0x00000000d5f00000, 0x00000000e4c00000, 0x0000000100000000)
  eden space 94208K, 100% used [0x00000000d5f00000,0x00000000dbb00000,0x00000000dbb00000)
  from space 23040K, 0% used [0x00000000dbe00000,0x00000000dbe00000,0x00000000dd480000)
  to   space 74240K, 0% used [0x00000000e0380000,0x00000000e0380000,0x00000000e4c00000)
 ParOldGen       total 1379328K, used 1377388K [0x0000000081c00000, 0x00000000d5f00000, 0x00000000d5f00000)
  object space 1379328K, 99% used [0x0000000081c00000,0x00000000d5d1b3e0,0x00000000d5f00000)
 Metaspace       used 11548K, capacity 11706K, committed 11904K, reserved 1060864K
  class space    used 1285K, capacity 1351K, committed 1408K, reserved 1048576K
Event: 4536.711 GC heap after
Heap after GC invocations=131 (full 80):
 PSYoungGen      total 117248K, used 90154K [0x00000000d5f00000, 0x00000000e4c00000, 0x0000000100000000)
  eden space 94208K, 95% used [0x00000000d5f00000,0x00000000db70a8d8,0x00000000dbb00000)
  from space 23040K, 0% used [0x00000000dbe00000,0x00000000dbe00000,0x00000000dd480000)
  to   space 74240K, 0% used [0x00000000e0380000,0x00000000e0380000,0x00000000e4c00000)
 ParOldGen       total 1379328K, used 1377388K [0x0000000081c00000, 0x00000000d5f00000, 0x00000000d5f00000)
  object space 1379328K, 99% used [0x0000000081c00000,0x00000000d5d1b3e0,0x00000000d5f00000)
 Metaspace       used 11548K, capacity 11706K, committed 11904K, reserved 1060864K
  class space    used 1285K, capacity 1351K, committed 1408K, reserved 1048576K
}

