# JRE version: Java(TM) SE Runtime Environment (8.0_221-b11) (build 1.8.0_221-b11)
# Java VM: Java HotSpot(TM) 64-Bit Server VM (25.221-b11 mixed mode windows-amd64 compressed oops)
Heap:
 PSYoungGen      total 416256K, used 134520K [0x00000000d5f00000, 0x00000000fe180000, 0x0000000100000000)
  eden space 196096K, 68% used [0x00000000d5f00000,0x00000000de25e0b8,0x00000000e1e80000)
  from space 220160K, 0% used [0x00000000f0a80000,0x00000000f0a80000,0x00000000fe180000)
  to   space 229376K, 0% used [0x00000000e2180000,0x00000000e2180000,0x00000000f0180000)
 ParOldGen       total 501760K, used 499045K [0x0000000081c00000, 0x00000000a0600000, 0x00000000d5f00000)
  object space 501760K, 99% used [0x0000000081c00000,0x00000000a0359480,0x00000000a0600000)
 Metaspace       used 11586K, capacity 11780K, committed 11904K, reserved 1060864K
  class space    used 1290K, capacity 1360K, committed 1408K, reserved 1048576K
GC Heap History (10 events):
Event: 191.993 GC heap before
{Heap before GC invocations=29 (full 7):
 PSYoungGen      total 416256K, used 219887K [0x00000000d5f00000, 0x00000000fe180000, 0x0000000100000000)
  eden space 196096K, 0% used [0x00000000d5f00000,0x00000000d5f00000,0x00000000e1e80000)
  from space 220160K, 99% used [0x00000000f0a80000,0x00000000fe13be70,0x00000000fe180000)
  to   space 229376K, 0% used [0x00000000e2180000,0x00000000e2180000,0x00000000f0180000)
 ParOldGen       total 501760K, used 437073K [0x0000000081c00000, 0x00000000a0600000, 0x00000000d5f00000)
  object space 501760K, 87% used [0x0000000081c00000,0x000000009c6d4690,0x00000000a0600000)
 Metaspace       used 11509K, capacity 11704K, committed 11904K, reserved 1060864K
  class space    used 1286K, capacity 1356K, committed 1408K, reserved 1048576K
Event: 192.129 GC heap after
Heap after GC invocations=29 (full 7):
 PSYoungGen      total 416256K, used 56298K [0x00000000d5f00000, 0x00000000fe180000, 0x0000000100000000)
  eden space 196096K, 0% used [0x00000000d5f00000,0x00000000d5f00000,0x00000000e1e80000)
  from space 220160K, 25% used [0x00000000f0a80000,0x00000000f417a9b8,0x00000000fe180000)
  to   space 229376K, 0% used [0x00000000e2180000,0x00000000e2180000,0x00000000f0180000)
 ParOldGen       total 501760K, used 499065K [0x0000000081c00000, 0x00000000a0600000, 0x00000000d5f00000)
  object space 501760K, 99% used [0x0000000081c00000,0x00000000a035e710,0x00000000a0600000)
 Metaspace       used 11509K, capacity 11704K, committed 11904K, reserved 1060864K
  class space    used 1286K, capacity 1356K, committed 1408K, reserved 1048576K
}
Event: 201.910 GC heap before
{Heap before GC invocations=30 (full 8):
 PSYoungGen      total 416256K, used 251130K [0x00000000d5f00000, 0x00000000fe180000, 0x0000000100000000)
  eden space 196096K, 99% used [0x00000000d5f00000,0x00000000e1d43f68,0x00000000e1e80000)
  from space 220160K, 25% used [0x00000000f0a80000,0x00000000f417a9b8,0x00000000fe180000)
  to   space 229376K, 0% used [0x00000000e2180000,0x00000000e2180000,0x00000000f0180000)
 ParOldGen       total 501760K, used 499065K [0x0000000081c00000, 0x00000000a0600000, 0x00000000d5f00000)
  object space 501760K, 99% used [0x0000000081c00000,0x00000000a035e710,0x00000000a0600000)
 Metaspace       used 11528K, capacity 11704K, committed 11904K, reserved 1060864K
  class space    used 1286K, capacity 1356K, committed 1408K, reserved 1048576K
Event: 201.961 GC heap after
Heap after GC invocations=30 (full 8):
 PSYoungGen      total 416256K, used 78858K [0x00000000d5f00000, 0x00000000fe180000, 0x0000000100000000)
  eden space 196096K, 40% used [0x00000000d5f00000,0x00000000dac02b80,0x00000000e1e80000)
  from space 220160K, 0% used [0x00000000f0a80000,0x00000000f0a80000,0x00000000fe180000)
  to   space 229376K, 0% used [0x00000000e2180000,0x00000000e2180000,0x00000000f0180000)
 ParOldGen       total 501760K, used 499045K [0x0000000081c00000, 0x00000000a0600000, 0x00000000d5f00000)
  object space 501760K, 99% used [0x0000000081c00000,0x00000000a0359480,0x00000000a0600000)
 Metaspace       used 11528K, capacity 11704K, committed 11904K, reserved 1060864K
  class space    used 1286K, capacity 1356K, committed 1408K, reserved 1048576K
}
Event: 205.976 GC heap before
{Heap before GC invocations=31 (full 9):
 PSYoungGen      total 416256K, used 196096K [0x00000000d5f00000, 0x00000000fe180000, 0x0000000100000000)
  eden space 196096K, 100% used [0x00000000d5f00000,0x00000000e1e80000,0x00000000e1e80000)
  from space 220160K, 0% used [0x00000000f0a80000,0x00000000f0a80000,0x00000000fe180000)
  to   space 229376K, 0% used [0x00000000e2180000,0x00000000e2180000,0x00000000f0180000)
 ParOldGen       total 501760K, used 499045K [0x0000000081c00000, 0x00000000a0600000, 0x00000000d5f00000)
  object space 501760K, 99% used [0x0000000081c00000,0x00000000a0359480,0x00000000a0600000)
 Metaspace       used 11531K, capacity 11704K, committed 11904K, reserved 1060864K
  class space    used 1286K, capacity 1356K, committed 1408K, reserved 1048576K
Event: 206.015 GC heap after
Heap after GC invocations=31 (full 9):
 PSYoungGen      total 416256K, used 95745K [0x00000000d5f00000, 0x00000000fe180000, 0x0000000100000000)
  eden space 196096K, 48% used [0x00000000d5f00000,0x00000000dbc80750,0x00000000e1e80000)
  from space 220160K, 0% used [0x00000000f0a80000,0x00000000f0a80000,0x00000000fe180000)
  to   space 229376K, 0% used [0x00000000e2180000,0x00000000e2180000,0x00000000f0180000)
 ParOldGen       total 501760K, used 499045K [0x0000000081c00000, 0x00000000a0600000, 0x00000000d5f00000)
  object space 501760K, 99% used [0x0000000081c00000,0x00000000a0359480,0x00000000a0600000)
 Metaspace       used 11531K, capacity 11704K, committed 11904K, reserved 1060864K
  class space    used 1286K, capacity 1356K, committed 1408K, reserved 1048576K
}
Event: 209.994 GC heap before
{Heap before GC invocations=32 (full 10):
 PSYoungGen      total 416256K, used 196096K [0x00000000d5f00000, 0x00000000fe180000, 0x0000000100000000)
  eden space 196096K, 100% used [0x00000000d5f00000,0x00000000e1e80000,0x00000000e1e80000)
  from space 220160K, 0% used [0x00000000f0a80000,0x00000000f0a80000,0x00000000fe180000)
  to   space 229376K, 0% used [0x00000000e2180000,0x00000000e2180000,0x00000000f0180000)
 ParOldGen       total 501760K, used 499045K [0x0000000081c00000, 0x00000000a0600000, 0x00000000d5f00000)
  object space 501760K, 99% used [0x0000000081c00000,0x00000000a0359480,0x00000000a0600000)
 Metaspace       used 11563K, capacity 11768K, committed 11904K, reserved 1060864K
  class space    used 1286K, capacity 1356K, committed 1408K, reserved 1048576K
Event: 210.017 GC heap after
Heap after GC invocations=32 (full 10):
 PSYoungGen      total 416256K, used 107010K [0x00000000d5f00000, 0x00000000fe180000, 0x0000000100000000)
  eden space 196096K, 54% used [0x00000000d5f00000,0x00000000dc780a28,0x00000000e1e80000)
  from space 220160K, 0% used [0x00000000f0a80000,0x00000000f0a80000,0x00000000fe180000)
  to   space 229376K, 0% used [0x00000000e2180000,0x00000000e2180000,0x00000000f0180000)
 ParOldGen       total 501760K, used 499045K [0x0000000081c00000, 0x00000000a0600000, 0x00000000d5f00000)
  object space 501760K, 99% used [0x0000000081c00000,0x00000000a0359480,0x00000000a0600000)
 Metaspace       used 11563K, capacity 11768K, committed 11904K, reserved 1060864K
  class space    used 1286K, capacity 1356K, committed 1408K, reserved 1048576K
}
Event: 214.001 GC heap before
{Heap before GC invocations=33 (full 11):
 PSYoungGen      total 416256K, used 196096K [0x00000000d5f00000, 0x00000000fe180000, 0x0000000100000000)
  eden space 196096K, 100% used [0x00000000d5f00000,0x00000000e1e80000,0x00000000e1e80000)
  from space 220160K, 0% used [0x00000000f0a80000,0x00000000f0a80000,0x00000000fe180000)
  to   space 229376K, 0% used [0x00000000e2180000,0x00000000e2180000,0x00000000f0180000)
 ParOldGen       total 501760K, used 499045K [0x0000000081c00000, 0x00000000a0600000, 0x00000000d5f00000)
  object space 501760K, 99% used [0x0000000081c00000,0x00000000a0359480,0x00000000a0600000)
 Metaspace       used 11564K, capacity 11768K, committed 11904K, reserved 1060864K
  class space    used 1286K, capacity 1356K, committed 1408K, reserved 1048576K
Event: 214.016 GC heap after
Heap after GC invocations=33 (full 11):
 PSYoungGen      total 416256K, used 118276K [0x00000000d5f00000, 0x00000000fe180000, 0x0000000100000000)
  eden space 196096K, 60% used [0x00000000d5f00000,0x00000000dd281018,0x00000000e1e80000)
  from space 220160K, 0% used [0x00000000f0a80000,0x00000000f0a80000,0x00000000fe180000)
  to   space 229376K, 0% used [0x00000000e2180000,0x00000000e2180000,0x00000000f0180000)
 ParOldGen       total 501760K, used 499045K [0x0000000081c00000, 0x00000000a0600000, 0x00000000d5f00000)
  object space 501760K, 99% used [0x0000000081c00000,0x00000000a0359480,0x00000000a0600000)
 Metaspace       used 11564K, capacity 11768K, committed 11904K, reserved 1060864K
  class space    used 1286K, capacity 1356K, committed 1408K, reserved 1048576K
}

